GoKit_Demo_Android1/app/build/outputs/logs/manifest-merger-debug-report.txt
-- Merging decision tree log ---
manifest
ADDED from src/main/AndroidManifest.xml:2:1-311:12
	package
		ADDED from src/main/AndroidManifest.xml:3:5-43
		INJECTED from src/main/AndroidManifest.xml
		INJECTED from src/main/AndroidManifest.xml
	android:versionName
		ADDED from src/main/AndroidManifest.xml:5:5-39
		INJECTED from src/main/AndroidManifest.xml
		INJECTED from src/main/AndroidManifest.xml
	android:versionCode
		ADDED from src/main/AndroidManifest.xml:4:5-28
		INJECTED from src/main/AndroidManifest.xml
		INJECTED from src/main/AndroidManifest.xml
	xmlns:android
		ADDED from src/main/AndroidManifest.xml:2:11-69
uses-sdk
ADDED from src/main/AndroidManifest.xml:7:5-9:41
MERGED from [com.github.hotchemi:permissionsdispatcher:2.3.2] AndroidManifest.xml:6:5-9:55
MERGED from [com.android.support:support-v4:25.1.1] AndroidManifest.xml:21:5-23:54
MERGED from [com.android.support:support-fragment:25.1.1] AndroidManifest.xml:21:5-23:60
MERGED from [com.android.support:support-media-compat:25.1.1] AndroidManifest.xml:21:5-23:63
MERGED from [com.android.support:support-core-ui:25.1.1] AndroidManifest.xml:21:5-23:58
MERGED from [com.android.support:support-core-utils:25.1.1] AndroidManifest.xml:21:5-23:61
MERGED from [com.android.support:support-compat:25.1.1] AndroidManifest.xml:21:5-23:58
	tools:overrideLibrary
		ADDED from [com.github.hotchemi:permissionsdispatcher:2.3.2] AndroidManifest.xml:9:9-52
	android:targetSdkVersion
		ADDED from src/main/AndroidManifest.xml:9:9-38
		INJECTED from src/main/AndroidManifest.xml
		INJECTED from src/main/AndroidManifest.xml
	android:minSdkVersion
		ADDED from src/main/AndroidManifest.xml:8:9-35
		INJECTED from src/main/AndroidManifest.xml
		INJECTED from src/main/AndroidManifest.xml
uses-permission#android.permission.RECORD_AUDIO
ADDED from src/main/AndroidManifest.xml:12:5-71
	android:name
		ADDED from src/main/AndroidManifest.xml:12:22-68
permission#com.gizwits.opensource.appkit.permission.JPUSH_MESSAGE
ADDED from src/main/AndroidManifest.xml:16:5-18:47
	android:protectionLevel
		ADDED from src/main/AndroidManifest.xml:18:9-44
	android:name
		ADDED from src/main/AndroidManifest.xml:17:9-78
uses-permission#com.gizwits.opensource.appkit.permission.JPUSH_MESSAGE
ADDED from src/main/AndroidManifest.xml:21:5-94
	android:name
		ADDED from src/main/AndroidManifest.xml:21:22-91
uses-permission#android.permission.RECEIVE_USER_PRESENT
ADDED from src/main/AndroidManifest.xml:22:5-79
	android:name
		ADDED from src/main/AndroidManifest.xml:22:22-76
uses-permission#android.permission.WAKE_LOCK
ADDED from src/main/AndroidManifest.xml:23:5-68
	android:name
		ADDED from src/main/AndroidManifest.xml:23:22-65
uses-permission#android.permission.READ_EXTERNAL_STORAGE
ADDED from src/main/AndroidManifest.xml:24:5-80
	android:name
		ADDED from src/main/AndroidManifest.xml:24:22-77
uses-permission#android.permission.MOUNT_UNMOUNT_FILESYSTEMS
ADDED from src/main/AndroidManifest.xml:25:5-84
	android:name
		ADDED from src/main/AndroidManifest.xml:25:22-81
uses-permission#android.permission.WRITE_SETTINGS
ADDED from src/main/AndroidManifest.xml:26:5-73
	android:name
		ADDED from src/main/AndroidManifest.xml:26:22-70
uses-permission#android.permission.ACCESS_LOCATION_EXTRA_COMMANDS
ADDED from src/main/AndroidManifest.xml:29:5-89
	android:name
		ADDED from src/main/AndroidManifest.xml:29:22-86
uses-permission#android.permission.CHANGE_NETWORK_STATE
ADDED from src/main/AndroidManifest.xml:30:5-79
	android:name
		ADDED from src/main/AndroidManifest.xml:30:22-76
uses-permission#android.permission.RECEIVE_BOOT_COMPLETED
ADDED from src/main/AndroidManifest.xml:36:5-81
	android:name
		ADDED from src/main/AndroidManifest.xml:36:22-78
uses-permission#android.permission.DISABLE_KEYGUARD
ADDED from src/main/AndroidManifest.xml:37:5-75
	android:name
		ADDED from src/main/AndroidManifest.xml:37:22-72
uses-permission#android.permission.ACCESS_DOWNLOAD_MANAGER
ADDED from src/main/AndroidManifest.xml:39:5-82
	android:name
		ADDED from src/main/AndroidManifest.xml:39:22-79
uses-permission#android.permission.DOWNLOAD_WITHOUT_NOTIFICATION
ADDED from src/main/AndroidManifest.xml:40:5-88
	android:name
		ADDED from src/main/AndroidManifest.xml:40:22-85
uses-permission#android.permission.EXPAND_STATUS_BAR
ADDED from src/main/AndroidManifest.xml:41:5-76
	android:name
		ADDED from src/main/AndroidManifest.xml:41:22-73
uses-permission#android.permission.ACCESS_NETWORK_STATE
ADDED from src/main/AndroidManifest.xml:44:5-79
	android:name
		ADDED from src/main/AndroidManifest.xml:44:22-76
uses-permission#android.permission.ACCESS_WIFI_STATE
ADDED from src/main/AndroidManifest.xml:45:5-76
	android:name
		ADDED from src/main/AndroidManifest.xml:45:22-73
uses-permission#android.permission.ACCESS_FINE_LOCATION
ADDED from src/main/AndroidManifest.xml:46:5-79
	android:name
		ADDED from src/main/AndroidManifest.xml:46:22-76
uses-permission#android.permission.READ_PHONE_STATE
ADDED from src/main/AndroidManifest.xml:47:5-75
	android:name
		ADDED from src/main/AndroidManifest.xml:47:22-72
uses-permission#android.permission.ACCESS_COARSE_LOCATION
ADDED from src/main/AndroidManifest.xml:48:5-81
	android:name
		ADDED from src/main/AndroidManifest.xml:48:22-78
uses-permission#android.permission.WRITE_EXTERNAL_STORAGE
ADDED from src/main/AndroidManifest.xml:49:5-81
	android:name
		ADDED from src/main/AndroidManifest.xml:49:22-78
uses-permission#android.permission.INTERNET
ADDED from src/main/AndroidManifest.xml:50:5-67
	android:name
		ADDED from src/main/AndroidManifest.xml:50:22-64
uses-permission#android.permission.READ_LOGS
ADDED from src/main/AndroidManifest.xml:51:5-68
	android:name
		ADDED from src/main/AndroidManifest.xml:51:22-65
uses-permission#android.permission.CALL_PHONE
ADDED from src/main/AndroidManifest.xml:52:5-69
	android:name
		ADDED from src/main/AndroidManifest.xml:52:22-66
uses-permission#android.permission.CHANGE_WIFI_STATE
ADDED from src/main/AndroidManifest.xml:53:5-76
	android:name
		ADDED from src/main/AndroidManifest.xml:53:22-73
uses-permission#android.permission.FLASHLIGHT
ADDED from src/main/AndroidManifest.xml:54:5-69
	android:name
		ADDED from src/main/AndroidManifest.xml:54:22-66
uses-permission#android.permission.CAMERA
ADDED from src/main/AndroidManifest.xml:55:5-65
	android:name
		ADDED from src/main/AndroidManifest.xml:55:22-62
uses-permission#android.permission.VIBRATE
ADDED from src/main/AndroidManifest.xml:56:5-66
	android:name
		ADDED from src/main/AndroidManifest.xml:56:22-63
uses-permission#android.permission.CHANGE_WIFI_MULTICAST_STATE
ADDED from src/main/AndroidManifest.xml:59:5-86
	android:name
		ADDED from src/main/AndroidManifest.xml:59:22-83
uses-feature#android.hardware.camera
ADDED from src/main/AndroidManifest.xml:61:5-60
	android:name
		ADDED from src/main/AndroidManifest.xml:61:19-57
uses-feature#android.hardware.camera.autofocus
ADDED from src/main/AndroidManifest.xml:62:5-70
	android:name
		ADDED from src/main/AndroidManifest.xml:62:19-67
uses-permission#android.permission.GET_TASKS
ADDED from src/main/AndroidManifest.xml:64:5-68
	android:name
		ADDED from src/main/AndroidManifest.xml:64:22-65
application
ADDED from src/main/AndroidManifest.xml:66:5-309:19
MERGED from [com.android.support:support-v4:25.1.1] AndroidManifest.xml:25:5-20
MERGED from [com.android.support:support-fragment:25.1.1] AndroidManifest.xml:25:5-20
MERGED from [com.android.support:support-media-compat:25.1.1] AndroidManifest.xml:25:5-20
MERGED from [com.android.support:support-core-ui:25.1.1] AndroidManifest.xml:25:5-20
MERGED from [com.android.support:support-core-utils:25.1.1] AndroidManifest.xml:25:5-20
MERGED from [com.android.support:support-compat:25.1.1] AndroidManifest.xml:25:5-20
	android:label
		ADDED from src/main/AndroidManifest.xml:70:9-41
	android:allowBackup
		ADDED from src/main/AndroidManifest.xml:68:9-35
	android:icon
		ADDED from src/main/AndroidManifest.xml:69:9-45
	android:theme
		ADDED from src/main/AndroidManifest.xml:71:9-40
	android:name
		ADDED from src/main/AndroidManifest.xml:67:9-68
activity#com.gizwits.opensource.appkit.UserModule.GosUserLoginActivity
ADDED from src/main/AndroidManifest.xml:72:9-81:20
	android:label
		ADDED from src/main/AndroidManifest.xml:74:13-45
	android:theme
		ADDED from src/main/AndroidManifest.xml:75:13-44
	android:name
		ADDED from src/main/AndroidManifest.xml:73:13-89
intent-filter#android.intent.action.MAIN+android.intent.category.LAUNCHER
ADDED from src/main/AndroidManifest.xml:76:13-80:29
action#android.intent.action.MAIN
ADDED from src/main/AndroidManifest.xml:77:17-69
	android:name
		ADDED from src/main/AndroidManifest.xml:77:25-66
category#android.intent.category.LAUNCHER
ADDED from src/main/AndroidManifest.xml:79:17-77
	android:name
		ADDED from src/main/AndroidManifest.xml:79:27-74
activity#com.tencent.tauth.AuthActivity
ADDED from src/main/AndroidManifest.xml:83:9-95:20
	android:launchMode
		ADDED from src/main/AndroidManifest.xml:85:13-44
	android:noHistory
		ADDED from src/main/AndroidManifest.xml:86:13-37
	android:name
		ADDED from src/main/AndroidManifest.xml:84:13-58
intent-filter#android.intent.action.VIEW+android.intent.category.BROWSABLE+android.intent.category.DEFAULT
ADDED from src/main/AndroidManifest.xml:87:13-94:29
action#android.intent.action.VIEW
ADDED from src/main/AndroidManifest.xml:88:17-69
	android:name
		ADDED from src/main/AndroidManifest.xml:88:25-66
category#android.intent.category.DEFAULT
ADDED from src/main/AndroidManifest.xml:90:17-76
	android:name
		ADDED from src/main/AndroidManifest.xml:90:27-73
category#android.intent.category.BROWSABLE
ADDED from src/main/AndroidManifest.xml:91:17-78
	android:name
		ADDED from src/main/AndroidManifest.xml:91:27-75
data
ADDED from src/main/AndroidManifest.xml:93:17-52
	android:scheme
		ADDED from src/main/AndroidManifest.xml:93:23-49
activity#com.tencent.connect.common.AssistActivity
ADDED from src/main/AndroidManifest.xml:96:9-99:75
	android:configChanges
		ADDED from src/main/AndroidManifest.xml:98:13-74
	android:theme
		ADDED from src/main/AndroidManifest.xml:99:13-72
	android:name
		ADDED from src/main/AndroidManifest.xml:97:13-69
activity#com.gizwits.opensource.appkit.UserModule.GosRegisterUserActivity
ADDED from src/main/AndroidManifest.xml:101:9-110
	android:name
		ADDED from src/main/AndroidManifest.xml:101:19-98
activity#com.gizwits.opensource.appkit.UserModule.GosForgetPasswordActivity
ADDED from src/main/AndroidManifest.xml:102:9-112
	android:name
		ADDED from src/main/AndroidManifest.xml:102:19-100
activity#com.gizwits.opensource.appkit.ConfigModule.GosDeviceReadyActivity
ADDED from src/main/AndroidManifest.xml:103:9-111
	android:name
		ADDED from src/main/AndroidManifest.xml:103:19-99
activity#com.gizwits.opensource.appkit.ConfigModule.GosDeviceResetActivity
ADDED from src/main/AndroidManifest.xml:104:9-111
	android:name
		ADDED from src/main/AndroidManifest.xml:104:19-99
activity#com.gizwits.opensource.appkit.ConfigModule.GosChooseDeviceActivity
ADDED from src/main/AndroidManifest.xml:105:9-112
	android:name
		ADDED from src/main/AndroidManifest.xml:105:19-100
activity#com.gizwits.opensource.appkit.ConfigModule.GosConfigCountdownActivity
ADDED from src/main/AndroidManifest.xml:106:9-115
	android:name
		ADDED from src/main/AndroidManifest.xml:106:19-103
activity#com.gizwits.opensource.appkit.ConfigModule.GosConfigFailedActivity
ADDED from src/main/AndroidManifest.xml:107:9-112
	android:name
		ADDED from src/main/AndroidManifest.xml:107:19-100
activity#com.gizwits.opensource.appkit.DeviceModule.GosDeviceListActivity
ADDED from src/main/AndroidManifest.xml:108:9-110
	android:name
		ADDED from src/main/AndroidManifest.xml:108:19-98
activity#zxing.CaptureActivity
ADDED from src/main/AndroidManifest.xml:109:9-111:63
	android:theme
		ADDED from src/main/AndroidManifest.xml:111:13-60
	android:name
		ADDED from src/main/AndroidManifest.xml:110:13-49
activity#com.gizwits.opensource.appkit.SettingsModule.GosSettiingsActivity
ADDED from src/main/AndroidManifest.xml:112:9-111
	android:name
		ADDED from src/main/AndroidManifest.xml:112:19-99
activity#com.gizwits.opensource.appkit.SettingsModule.GosAboutActivity
ADDED from src/main/AndroidManifest.xml:113:9-107
	android:name
		ADDED from src/main/AndroidManifest.xml:113:19-95
activity#com.gizwits.opensource.appkit.ConfigModule.GosCheckDeviceWorkWiFiActivity
ADDED from src/main/AndroidManifest.xml:114:9-119
	android:name
		ADDED from src/main/AndroidManifest.xml:114:19-107
activity#com.gizwits.opensource.appkit.ControlModule.GosDeviceControlActivity
ADDED from src/main/AndroidManifest.xml:115:9-114
	android:name
		ADDED from src/main/AndroidManifest.xml:115:19-102
activity#com.gizwits.opensource.appkit.ConfigModule.GosModeListActivity
ADDED from src/main/AndroidManifest.xml:116:9-108
	android:name
		ADDED from src/main/AndroidManifest.xml:116:19-96
activity#com.gizwits.opensource.appkit.ConfigModule.GosAirlinkChooseDeviceWorkWiFiActivity
ADDED from src/main/AndroidManifest.xml:117:9-127
	android:name
		ADDED from src/main/AndroidManifest.xml:117:19-115
activity#com.gizwits.opensource.appkit.ConfigModule.GosAirlinkReadyActivity
ADDED from src/main/AndroidManifest.xml:118:9-112
	android:name
		ADDED from src/main/AndroidManifest.xml:118:19-100
activity#com.gizwits.opensource.appkit.ConfigModule.GosAirlinkConfigCountdownActivity
ADDED from src/main/AndroidManifest.xml:119:9-122
	android:name
		ADDED from src/main/AndroidManifest.xml:119:19-110
activity#com.gizwits.opensource.appkit.ControlModule.GosColorsListActivity
ADDED from src/main/AndroidManifest.xml:120:9-111
	android:name
		ADDED from src/main/AndroidManifest.xml:120:19-99
activity#com.gizwits.opensource.appkit.extra.GosSmartLightActivity
ADDED from src/main/AndroidManifest.xml:124:9-94
	android:name
		ADDED from src/main/AndroidManifest.xml:124:19-91
activity#com.gizwits.opensource.appkit.extra.ui.MusicLightActivity
ADDED from src/main/AndroidManifest.xml:125:9-94
	android:name
		ADDED from src/main/AndroidManifest.xml:125:19-91
activity#com.gizwits.opensource.appkit.extra.ui.SelectMusicActivity
ADDED from src/main/AndroidManifest.xml:126:9-95
	android:name
		ADDED from src/main/AndroidManifest.xml:126:19-92
activity#com.gizwits.opensource.appkit.extra.GosAirActivity
ADDED from src/main/AndroidManifest.xml:127:9-87
	android:name
		ADDED from src/main/AndroidManifest.xml:127:19-84
service#cn.jpush.android.service.PushService
ADDED from src/main/AndroidManifest.xml:132:9-142:19
	android:enabled
		ADDED from src/main/AndroidManifest.xml:134:13-35
	android:exported
		ADDED from src/main/AndroidManifest.xml:135:13-37
	android:name
		ADDED from src/main/AndroidManifest.xml:133:13-64
intent-filter#cn.jpush.android.intent.PUSH_TIME+cn.jpush.android.intent.PushService+cn.jpush.android.intent.REGISTER+cn.jpush.android.intent.REPORT
ADDED from src/main/AndroidManifest.xml:136:13-141:29
action#cn.jpush.android.intent.REGISTER
ADDED from src/main/AndroidManifest.xml:137:17-75
	android:name
		ADDED from src/main/AndroidManifest.xml:137:25-72
action#cn.jpush.android.intent.REPORT
ADDED from src/main/AndroidManifest.xml:138:17-73
	android:name
		ADDED from src/main/AndroidManifest.xml:138:25-70
action#cn.jpush.android.intent.PushService
ADDED from src/main/AndroidManifest.xml:139:17-78
	android:name
		ADDED from src/main/AndroidManifest.xml:139:25-75
action#cn.jpush.android.intent.PUSH_TIME
ADDED from src/main/AndroidManifest.xml:140:17-76
	android:name
		ADDED from src/main/AndroidManifest.xml:140:25-73
receiver#cn.jpush.android.service.PushReceiver
ADDED from src/main/AndroidManifest.xml:166:9-185:20
	android:enabled
		ADDED from src/main/AndroidManifest.xml:168:13-35
	android:name
		ADDED from src/main/AndroidManifest.xml:167:13-65
intent-filter#cn.jpush.android.intent.NOTIFICATION_RECEIVED_PROXY+com.gizwits.opensource.appkit
ADDED from src/main/AndroidManifest.xml:169:13-173:29
	android:priority
		ADDED from src/main/AndroidManifest.xml:169:28-51
action#cn.jpush.android.intent.NOTIFICATION_RECEIVED_PROXY
ADDED from src/main/AndroidManifest.xml:170:17-94
	android:name
		ADDED from src/main/AndroidManifest.xml:170:25-91
category#com.gizwits.opensource.appkit
ADDED from src/main/AndroidManifest.xml:172:17-74
	android:name
		ADDED from src/main/AndroidManifest.xml:172:27-71
intent-filter#android.intent.action.USER_PRESENT+android.net.conn.CONNECTIVITY_CHANGE
ADDED from src/main/AndroidManifest.xml:174:13-177:29
action#android.intent.action.USER_PRESENT
ADDED from src/main/AndroidManifest.xml:175:17-77
	android:name
		ADDED from src/main/AndroidManifest.xml:175:25-74
action#android.net.conn.CONNECTIVITY_CHANGE
ADDED from src/main/AndroidManifest.xml:176:17-79
	android:name
		ADDED from src/main/AndroidManifest.xml:176:25-76
intent-filter#android.intent.action.PACKAGE_ADDED+android.intent.action.PACKAGE_REMOVED
ADDED from src/main/AndroidManifest.xml:179:13-184:29
action#android.intent.action.PACKAGE_ADDED
ADDED from src/main/AndroidManifest.xml:180:17-78
	android:name
		ADDED from src/main/AndroidManifest.xml:180:25-75
action#android.intent.action.PACKAGE_REMOVED
ADDED from src/main/AndroidManifest.xml:181:17-80
	android:name
		ADDED from src/main/AndroidManifest.xml:181:25-77
activity#cn.jpush.android.ui.PushActivity
ADDED from src/main/AndroidManifest.xml:187:9-197:20
	android:exported
		ADDED from src/main/AndroidManifest.xml:190:13-37
	android:configChanges
		ADDED from src/main/AndroidManifest.xml:189:13-63
	android:name
		ADDED from src/main/AndroidManifest.xml:188:13-60
intent-filter#android.intent.category.DEFAULT+cn.jpush.android.ui.PushActivity+com.gizwits.opensource.appkit
ADDED from src/main/AndroidManifest.xml:191:13-196:29
action#cn.jpush.android.ui.PushActivity
ADDED from src/main/AndroidManifest.xml:192:17-75
	android:name
		ADDED from src/main/AndroidManifest.xml:192:25-72
service#cn.jpush.android.service.DownloadService
ADDED from src/main/AndroidManifest.xml:199:9-202:48
	android:enabled
		ADDED from src/main/AndroidManifest.xml:201:13-35
	android:exported
		ADDED from src/main/AndroidManifest.xml:202:13-37
	android:name
		ADDED from src/main/AndroidManifest.xml:200:13-68
receiver#cn.jpush.android.service.AlarmReceiver
ADDED from src/main/AndroidManifest.xml:204:9-75
	android:name
		ADDED from src/main/AndroidManifest.xml:204:19-72
receiver#com.gizwits.opensource.appkit.PushModule.JPushReceiver
ADDED from src/main/AndroidManifest.xml:207:9-227:20
	android:enabled
		ADDED from src/main/AndroidManifest.xml:209:13-35
	android:name
		ADDED from src/main/AndroidManifest.xml:208:13-82
intent-filter#cn.jpush.android.intent.ACTION_RICHPUSH_CALLBACK+cn.jpush.android.intent.CONNECTION+cn.jpush.android.intent.MESSAGE_RECEIVED+cn.jpush.android.intent.NOTIFICATION_OPENED+cn.jpush.android.intent.NOTIFICATION_RECEIVED+cn.jpush.android.intent.REGISTRATION+com.gizwits.opensource.appkit
ADDED from src/main/AndroidManifest.xml:210:13-226:29
action#cn.jpush.android.intent.REGISTRATION
ADDED from src/main/AndroidManifest.xml:213:17-79
	android:name
		ADDED from src/main/AndroidManifest.xml:213:25-76
action#cn.jpush.android.intent.MESSAGE_RECEIVED
ADDED from src/main/AndroidManifest.xml:215:17-83
	android:name
		ADDED from src/main/AndroidManifest.xml:215:25-80
action#cn.jpush.android.intent.NOTIFICATION_RECEIVED
ADDED from src/main/AndroidManifest.xml:217:17-88
	android:name
		ADDED from src/main/AndroidManifest.xml:217:25-85
action#cn.jpush.android.intent.NOTIFICATION_OPENED
ADDED from src/main/AndroidManifest.xml:219:17-86
	android:name
		ADDED from src/main/AndroidManifest.xml:219:25-83
action#cn.jpush.android.intent.ACTION_RICHPUSH_CALLBACK
ADDED from src/main/AndroidManifest.xml:221:17-91
	android:name
		ADDED from src/main/AndroidManifest.xml:221:25-88
action#cn.jpush.android.intent.CONNECTION
ADDED from src/main/AndroidManifest.xml:223:17-77
	android:name
		ADDED from src/main/AndroidManifest.xml:223:25-74
meta-data#JPUSH_CHANNEL
ADDED from src/main/AndroidManifest.xml:235:9-237:49
	android:value
		ADDED from src/main/AndroidManifest.xml:237:13-46
	android:name
		ADDED from src/main/AndroidManifest.xml:236:13-41
meta-data#JPUSH_APPKEY
ADDED from src/main/AndroidManifest.xml:239:9-241:37
	android:value
		ADDED from src/main/AndroidManifest.xml:241:13-34
	android:name
		ADDED from src/main/AndroidManifest.xml:240:13-40
receiver#com.baidu.android.pushservice.PushServiceReceiver
ADDED from src/main/AndroidManifest.xml:246:9-260:20
	android:process
		ADDED from src/main/AndroidManifest.xml:248:13-44
	android:name
		ADDED from src/main/AndroidManifest.xml:247:13-77
intent-filter#android.intent.action.ACTION_POWER_CONNECTED+android.intent.action.ACTION_POWER_DISCONNECTED+android.intent.action.BOOT_COMPLETED+android.intent.action.MEDIA_MOUNTED+android.intent.action.USER_PRESENT+android.net.conn.CONNECTIVITY_CHANGE+com.baidu.android.pushservice.action.media.CLICK+com.baidu.android.pushservice.action.notification.SHOW
ADDED from src/main/AndroidManifest.xml:249:13-259:29
action#android.intent.action.BOOT_COMPLETED
ADDED from src/main/AndroidManifest.xml:250:17-79
	android:name
		ADDED from src/main/AndroidManifest.xml:250:25-76
action#com.baidu.android.pushservice.action.notification.SHOW
ADDED from src/main/AndroidManifest.xml:252:17-97
	android:name
		ADDED from src/main/AndroidManifest.xml:252:25-94
action#com.baidu.android.pushservice.action.media.CLICK
ADDED from src/main/AndroidManifest.xml:253:17-91
	android:name
		ADDED from src/main/AndroidManifest.xml:253:25-88
action#android.intent.action.MEDIA_MOUNTED
ADDED from src/main/AndroidManifest.xml:255:17-78
	android:name
		ADDED from src/main/AndroidManifest.xml:255:25-75
action#android.intent.action.ACTION_POWER_CONNECTED
ADDED from src/main/AndroidManifest.xml:257:17-87
	android:name
		ADDED from src/main/AndroidManifest.xml:257:25-84
action#android.intent.action.ACTION_POWER_DISCONNECTED
ADDED from src/main/AndroidManifest.xml:258:17-90
	android:name
		ADDED from src/main/AndroidManifest.xml:258:25-87
receiver#com.baidu.android.pushservice.RegistrationReceiver
ADDED from src/main/AndroidManifest.xml:262:9-274:20
	android:process
		ADDED from src/main/AndroidManifest.xml:264:13-44
	android:name
		ADDED from src/main/AndroidManifest.xml:263:13-78
intent-filter#com.baidu.android.pushservice.action.BIND_SYNC+com.baidu.android.pushservice.action.METHOD
ADDED from src/main/AndroidManifest.xml:265:13-268:29
action#com.baidu.android.pushservice.action.METHOD
ADDED from src/main/AndroidManifest.xml:266:17-86
	android:name
		ADDED from src/main/AndroidManifest.xml:266:25-83
action#com.baidu.android.pushservice.action.BIND_SYNC
ADDED from src/main/AndroidManifest.xml:267:17-89
	android:name
		ADDED from src/main/AndroidManifest.xml:267:25-86
intent-filter#android.intent.action.PACKAGE_REMOVED
ADDED from src/main/AndroidManifest.xml:269:13-273:29
service#com.baidu.android.pushservice.PushService
ADDED from src/main/AndroidManifest.xml:276:9-283:19
	android:process
		ADDED from src/main/AndroidManifest.xml:279:13-44
	android:exported
		ADDED from src/main/AndroidManifest.xml:278:13-36
	android:name
		ADDED from src/main/AndroidManifest.xml:277:13-69
intent-filter#com.baidu.android.pushservice.action.PUSH_SERVICE
ADDED from src/main/AndroidManifest.xml:280:13-282:29
action#com.baidu.android.pushservice.action.PUSH_SERVICE
ADDED from src/main/AndroidManifest.xml:281:17-92
	android:name
		ADDED from src/main/AndroidManifest.xml:281:25-89
service#com.baidu.android.pushservice.CommandService
ADDED from src/main/AndroidManifest.xml:285:9-287:39
	android:exported
		ADDED from src/main/AndroidManifest.xml:287:13-36
	android:name
		ADDED from src/main/AndroidManifest.xml:286:13-72
receiver#com.gizwits.opensource.appkit.PushModule.BaiDuPushReceiver
ADDED from src/main/AndroidManifest.xml:292:9-302:20
	android:name
		ADDED from src/main/AndroidManifest.xml:292:19-92
intent-filter#com.baidu.android.pushservice.action.MESSAGE+com.baidu.android.pushservice.action.RECEIVE+com.baidu.android.pushservice.action.notification.CLICK
ADDED from src/main/AndroidManifest.xml:293:13-301:29
action#com.baidu.android.pushservice.action.MESSAGE
ADDED from src/main/AndroidManifest.xml:296:17-87
	android:name
		ADDED from src/main/AndroidManifest.xml:296:25-84
action#com.baidu.android.pushservice.action.RECEIVE
ADDED from src/main/AndroidManifest.xml:298:17-87
	android:name
		ADDED from src/main/AndroidManifest.xml:298:25-84
action#com.baidu.android.pushservice.action.notification.CLICK
ADDED from src/main/AndroidManifest.xml:300:17-98
	android:name
		ADDED from src/main/AndroidManifest.xml:300:25-95
activity#com.gizwits.opensource.appkit.wxapi.WXEntryActivity
ADDED from src/main/AndroidManifest.xml:305:9-308:62
	android:exported
		ADDED from src/main/AndroidManifest.xml:307:13-36
	android:theme
		ADDED from src/main/AndroidManifest.xml:308:13-59
	android:name
		ADDED from src/main/AndroidManifest.xml:306:13-79